0 info it worked if it ends with ok
1 verbose cli [ '/usr/bin/node', '/usr/bin/npm', 'run', 'watch' ]
2 info using npm@3.5.2
3 info using node@v8.10.0
4 verbose run-script [ 'prewatch', 'watch', 'postwatch' ]
5 info lifecycle doc_sphinx@1.0.0~prewatch: doc_sphinx@1.0.0
6 silly lifecycle doc_sphinx@1.0.0~prewatch: no script for prewatch, continuing
7 info lifecycle doc_sphinx@1.0.0~watch: doc_sphinx@1.0.0
8 verbose lifecycle doc_sphinx@1.0.0~watch: unsafe-perm in lifecycle true
9 verbose lifecycle doc_sphinx@1.0.0~watch: PATH: /usr/share/npm/bin/node-gyp-bin:/home/gaelle/bimdata/documentation/doc_sphinx/node_modules/.bin:/home/gaelle/bimdata/documentation/.v_env/bin:/home/gaelle/.local/bin:/usr/local/sbin:/usr/local/bin:/usr/sbin:/usr/bin:/sbin:/bin:/usr/games:/usr/local/games:/snap/bin
10 verbose lifecycle doc_sphinx@1.0.0~watch: CWD: /home/gaelle/bimdata/documentation/doc_sphinx
11 silly lifecycle doc_sphinx@1.0.0~watch: Args: [ '-c', 'node bin/watch.js' ]
12 silly lifecycle doc_sphinx@1.0.0~watch: Returned: code: 1  signal: null
13 info lifecycle doc_sphinx@1.0.0~watch: Failed to exec watch script
14 verbose stack Error: doc_sphinx@1.0.0 watch: `node bin/watch.js`
14 verbose stack Exit status 1
14 verbose stack     at EventEmitter.<anonymous> (/usr/share/npm/lib/utils/lifecycle.js:232:16)
14 verbose stack     at emitTwo (events.js:126:13)
14 verbose stack     at EventEmitter.emit (events.js:214:7)
14 verbose stack     at ChildProcess.<anonymous> (/usr/share/npm/lib/utils/spawn.js:24:14)
14 verbose stack     at emitTwo (events.js:126:13)
14 verbose stack     at ChildProcess.emit (events.js:214:7)
14 verbose stack     at maybeClose (internal/child_process.js:925:16)
14 verbose stack     at Process.ChildProcess._handle.onexit (internal/child_process.js:209:5)
15 verbose pkgid doc_sphinx@1.0.0
16 verbose cwd /home/gaelle/bimdata/documentation/doc_sphinx
17 error Linux 4.15.0-45-generic
18 error argv "/usr/bin/node" "/usr/bin/npm" "run" "watch"
19 error node v8.10.0
20 error npm  v3.5.2
21 error code ELIFECYCLE
22 error doc_sphinx@1.0.0 watch: `node bin/watch.js`
22 error Exit status 1
23 error Failed at the doc_sphinx@1.0.0 watch script 'node bin/watch.js'.
23 error Make sure you have the latest version of node.js and npm installed.
23 error If you do, this is most likely a problem with the doc_sphinx package,
23 error not with npm itself.
23 error Tell the author that this fails on your system:
23 error     node bin/watch.js
23 error You can get information on how to open an issue for this project with:
23 error     npm bugs doc_sphinx
23 error Or if that isn't available, you can get their info via:
23 error     npm owner ls doc_sphinx
23 error There is likely additional logging output above.
24 verbose exit [ 1, true ]
